
Initial Chunk Files   | Names         |  Raw Size
vendor.js             | vendor        |   4.20 MB |
main.js               | main          | 545.97 kB |
styles.css, styles.js | styles        | 258.50 kB |
polyfills.js          | polyfills     | 252.54 kB |
runtime.js            | runtime       |   6.50 kB |

| Initial Total |   5.24 MB

Build at: 2026-03-08T20:56:48.230Z - Hash: cd3c06fb09c690a3 - Time: 7522ms

** Angular Live Development Server is listening on 0.0.0.0:4200, open your browser on http://localhost:4200/ **


√ Compiled successfully.

5 unchanged chunks

Build at: 2026-03-08T20:56:48.851Z - Hash: cd3c06fb09c690a3 - Time: 450ms

√ Compiled successfully.

Initial Chunk Files | Names   |  Raw Size
main.js             | main    | 546.92 kB |
runtime.js          | runtime |   6.50 kB |

3 unchanged chunks

Build at: 2026-03-08T21:10:16.677Z - Hash: ed64620c2e325f2f - Time: 1503ms

√ Compiled successfully.

Initial Chunk Files | Names   |  Raw Size
main.js             | main    | 549.50 kB |
runtime.js          | runtime |   6.50 kB |

3 unchanged chunks

Build at: 2026-03-08T21:10:31.364Z - Hash: 181aed56c7162746 - Time: 866ms

× Failed to compile.

Initial Chunk Files | Names   |  Raw Size
main.js             | main    | 554.16 kB |
runtime.js          | runtime |   6.50 kB |

3 unchanged chunks

Build at: 2026-03-08T21:10:37.826Z - Hash: 3e5a1f6678048459 - Time: 676ms

√ Compiled successfully.

Initial Chunk Files | Names   |  Raw Size
main.js             | main    | 554.32 kB |
runtime.js          | runtime |   6.50 kB |

3 unchanged chunks

Build at: 2026-03-08T21:16:16.339Z - Hash: aaa4691cdca6093e - Time: 1069ms

√ Compiled successfully.

Initial Chunk Files | Names   |  Raw Size
main.js             | main    | 554.33 kB |
runtime.js          | runtime |   6.50 kB |

3 unchanged chunks

Build at: 2026-03-08T21:20:47.593Z - Hash: be36f3d33d3e932b - Time: 1043ms

√ Compiled successfully.

Initial Chunk Files | Names   |  Raw Size
main.js             | main    | 555.06 kB |
runtime.js          | runtime |   6.50 kB |

3 unchanged chunks

Build at: 2026-03-08T21:21:21.413Z - Hash: edafdff6d6bf8953 - Time: 799ms

× Failed to compile.

Initial Chunk Files | Names   |  Raw Size
main.js             | main    | 555.95 kB |
runtime.js          | runtime |   6.50 kB |

3 unchanged chunks

Build at: 2026-03-08T21:21:26.932Z - Hash: 46236f24052f2d03 - Time: 582ms

√ Compiled successfully.

Initial Chunk Files | Names   |  Raw Size
main.js             | main    | 556.31 kB |
runtime.js          | runtime |   6.50 kB |

3 unchanged chunks

Build at: 2026-03-08T21:21:30.531Z - Hash: cbd1070252809947 - Time: 710ms

√ Compiled successfully.

Initial Chunk Files | Names   |  Raw Size
main.js             | main    | 559.02 kB |
runtime.js          | runtime |   6.50 kB |

3 unchanged chunks

Build at: 2026-03-08T21:38:03.495Z - Hash: b0b70cd90f9a0da9 - Time: 1101ms

√ Compiled successfully.

Initial Chunk Files | Names   |  Raw Size
main.js             | main    | 475.70 kB |
runtime.js          | runtime |   6.50 kB |

3 unchanged chunks

Build at: 2026-03-08T21:38:58.688Z - Hash: bb95e0fe7beb878e - Time: 736ms

× Failed to compile.

Initial Chunk Files | Names   |  Raw Size
main.js             | main    | 476.23 kB |
runtime.js          | runtime |   6.50 kB |

3 unchanged chunks

Build at: 2026-03-08T21:39:07.056Z - Hash: 5ec823aadba155b6 - Time: 780ms

× Failed to compile.

Initial Chunk Files | Names   |  Raw Size
main.js             | main    | 589.63 kB |
runtime.js          | runtime |   6.50 kB |

3 unchanged chunks

Build at: 2026-03-08T21:39:11.461Z - Hash: 251a103fd51eaa40 - Time: 702ms

√ Compiled successfully.

Initial Chunk Files | Names   |  Raw Size
main.js             | main    | 609.14 kB |
runtime.js          | runtime |   6.50 kB |

3 unchanged chunks

Build at: 2026-03-08T21:39:34.086Z - Hash: a54eaaa6a534edba - Time: 1132ms

√ Compiled successfully.

Initial Chunk Files | Names   |  Raw Size
main.js             | main    | 612.12 kB |
runtime.js          | runtime |   6.50 kB |

3 unchanged chunks

Build at: 2026-03-08T21:42:17.125Z - Hash: 40def22da0631c87 - Time: 1038ms

√ Compiled successfully.

Initial Chunk Files | Names   |  Raw Size
main.js             | main    | 613.53 kB |
runtime.js          | runtime |   6.50 kB |

3 unchanged chunks

Build at: 2026-03-08T21:42:22.162Z - Hash: 15f52e19bac8bdc2 - Time: 694ms

× Failed to compile.

Initial Chunk Files | Names   |  Raw Size
main.js             | main    | 613.90 kB |
runtime.js          | runtime |   6.50 kB |

3 unchanged chunks

Build at: 2026-03-08T21:42:25.168Z - Hash: 271f7eec0c02dfd4 - Time: 838ms

× Failed to compile.

Initial Chunk Files | Names   |  Raw Size
main.js             | main    | 613.94 kB |
runtime.js          | runtime |   6.50 kB |

3 unchanged chunks

Build at: 2026-03-08T21:43:26.909Z - Hash: 8a99debf61c568b8 - Time: 1036ms

√ Compiled successfully.

Initial Chunk Files | Names   |  Raw Size
main.js             | main    | 614.34 kB |
runtime.js          | runtime |   6.50 kB |

3 unchanged chunks

Build at: 2026-03-08T21:45:14.181Z - Hash: 029ce04ca825d75b - Time: 1112ms

√ Compiled successfully.

Initial Chunk Files | Names   |  Raw Size
main.js             | main    | 614.41 kB |
runtime.js          | runtime |   6.50 kB |

3 unchanged chunks

Build at: 2026-03-08T21:47:58.061Z - Hash: 9df19073fa9141b1 - Time: 1010ms

√ Compiled successfully.

Initial Chunk Files | Names   |  Raw Size
main.js             | main    | 618.04 kB |
runtime.js          | runtime |   6.50 kB |

3 unchanged chunks

Build at: 2026-03-08T21:48:02.765Z - Hash: 39fad37aebadc3cb - Time: 756ms

√ Compiled successfully.

Initial Chunk Files | Names   |  Raw Size
main.js             | main    | 623.20 kB |
runtime.js          | runtime |   6.50 kB |

3 unchanged chunks

Build at: 2026-03-08T21:48:15.888Z - Hash: 6a2cc0c333f985f6 - Time: 938ms

√ Compiled successfully.

Initial Chunk Files | Names   |  Raw Size
main.js             | main    | 624.17 kB |
runtime.js          | runtime |   6.50 kB |

3 unchanged chunks

Build at: 2026-03-08T21:49:26.236Z - Hash: 70d7591d78b0834e - Time: 871ms

√ Compiled successfully.

Initial Chunk Files | Names   |  Raw Size
main.js             | main    | 624.26 kB |
runtime.js          | runtime |   6.50 kB |

3 unchanged chunks

Build at: 2026-03-08T21:50:20.399Z - Hash: 438eaa103d540af9 - Time: 769ms

√ Compiled successfully.

Initial Chunk Files | Names   |  Raw Size
main.js             | main    | 622.83 kB |
runtime.js          | runtime |   6.50 kB |

3 unchanged chunks

Build at: 2026-03-08T21:51:06.632Z - Hash: abc92066e54b1bd4 - Time: 845ms

√ Compiled successfully.

Initial Chunk Files | Names   |  Raw Size
main.js             | main    | 623.96 kB |
runtime.js          | runtime |   6.50 kB |

3 unchanged chunks

Build at: 2026-03-08T21:51:16.633Z - Hash: b132fcdfd0f6118e - Time: 1199ms

√ Compiled successfully.

Initial Chunk Files | Names   |  Raw Size
main.js             | main    | 624.26 kB |
runtime.js          | runtime |   6.50 kB |

3 unchanged chunks

Build at: 2026-03-08T21:51:27.912Z - Hash: 0993a240044b5893 - Time: 855ms

√ Compiled successfully.

Initial Chunk Files | Names   |  Raw Size
main.js             | main    | 624.09 kB |
runtime.js          | runtime |   6.50 kB |

3 unchanged chunks

Build at: 2026-03-08T21:51:36.266Z - Hash: 5a38156502e223be - Time: 859ms

√ Compiled successfully.

Initial Chunk Files | Names   |  Raw Size
main.js             | main    | 624.14 kB |
runtime.js          | runtime |   6.50 kB |

3 unchanged chunks

Build at: 2026-03-08T21:52:15.610Z - Hash: 89aa80808ae15ce7 - Time: 1114ms

√ Compiled successfully.

Initial Chunk Files | Names   |  Raw Size
main.js             | main    | 624.95 kB |
runtime.js          | runtime |   6.50 kB |

3 unchanged chunks

Build at: 2026-03-08T21:52:19.797Z - Hash: 3f695d1635430cd9 - Time: 1039ms

√ Compiled successfully.

Initial Chunk Files | Names   |  Raw Size
main.js             | main    | 624.69 kB |
runtime.js          | runtime |   6.50 kB |

3 unchanged chunks

Build at: 2026-03-08T21:52:43.102Z - Hash: 5030f95935e110fc - Time: 868ms

√ Compiled successfully.

Initial Chunk Files | Names   |  Raw Size
main.js             | main    | 624.79 kB |
runtime.js          | runtime |   6.50 kB |

3 unchanged chunks

Build at: 2026-03-08T21:54:30.156Z - Hash: 307ce080e714faa7 - Time: 997ms

√ Compiled successfully.

5 unchanged chunks

Build at: 2026-03-08T21:54:30.450Z - Hash: 307ce080e714faa7 - Time: 260ms

√ Compiled successfully.

Initial Chunk Files | Names   |  Raw Size
main.js             | main    | 624.17 kB |
runtime.js          | runtime |   6.50 kB |

3 unchanged chunks

Build at: 2026-03-08T21:55:03.207Z - Hash: 99558b48e3dfac2c - Time: 828ms

√ Compiled successfully.

Initial Chunk Files | Names   |  Raw Size
main.js             | main    | 624.61 kB |
runtime.js          | runtime |   6.50 kB |

3 unchanged chunks

Build at: 2026-03-08T21:56:02.794Z - Hash: a9637e840339b987 - Time: 965ms

√ Compiled successfully.

Initial Chunk Files | Names   |  Raw Size
main.js             | main    | 623.75 kB |
runtime.js          | runtime |   6.50 kB |

3 unchanged chunks

Build at: 2026-03-08T21:57:14.715Z - Hash: aed29999003378c1 - Time: 857ms

√ Compiled successfully.

5 unchanged chunks

Build at: 2026-03-08T21:57:15.089Z - Hash: aed29999003378c1 - Time: 340ms

√ Compiled successfully.

Initial Chunk Files | Names   |  Raw Size
main.js             | main    | 623.60 kB |
runtime.js          | runtime |   6.50 kB |

3 unchanged chunks

Build at: 2026-03-08T21:57:53.243Z - Hash: 6a8df2a7360c682a - Time: 863ms

√ Compiled successfully.
