
Warning: This is a simple server for use in testing or debugging Angular applications
locally. It hasn't been reviewed for security issues.

Binding this server to an open connection can result in compromising your application or
computer. Using a different host than the one passed to the "--host" flag might result in
websocket connection issues. You might need to use "--disable-host-check" if that's the
case.
    
- Generating browser application bundles (phase: setup)...
√ Browser application bundle generation complete.
√ Browser application bundle generation complete.
√ Browser application bundle generation complete.
√ Browser application bundle generation complete.

Error: src/app/features/business/create-business/create-business.component.html:190:97 - error TS2551: Property 'country' does not exist on type '{ name: FormControl<string | null>; description: FormControl<string | null>; address1: FormControl<string | null>; address2: FormControl<string | null>; city: FormControl<...>; state: FormControl<...>; zipCode: FormControl<...>; countryId: FormControl<...>; }'. Did you mean 'countryId'?

190           <small class="field-note field-error" *ngIf="submitAttempted && businessForm.controls.country.invalid">
                                                                                                    ~~~~~~~

  src/app/features/business/create-business/create-business.component.ts:9:16
    9   templateUrl: './create-business.component.html',
                     ~~~~~~~~~~~~~~~~~~~~~~~~~~~~~~~~~~
    Error occurs in the template of component CreateBusinessComponent.



√ Browser application bundle generation complete.
√ Browser application bundle generation complete.
<e> [webpack-dev-server] [HPM] Error occurred while proxying request localhost:4200/api/business/services to http://localhost:5237/ [ECONNREFUSED] (https://nodejs.org/api/errors.html#errors_common_system_errors)
<e> [webpack-dev-server] [HPM] Error occurred while proxying request localhost:4200/api/business/countries to http://localhost:5237/ [ECONNREFUSED] (https://nodejs.org/api/errors.html#errors_common_system_errors)
√ Browser application bundle generation complete.
√ Browser application bundle generation complete.

Error: src/app/features/business/create-business/create-business.component.html:125:24 - error TS2554: Expected 1 arguments, but got 0.

125               (focus)="openServiceDropdown()"
                           ~~~~~~~~~~~~~~~~~~~

  src/app/features/business/create-business/create-business.component.ts:9:16
    9   templateUrl: './create-business.component.html',
                     ~~~~~~~~~~~~~~~~~~~~~~~~~~~~~~~~~~
    Error occurs in the template of component CreateBusinessComponent.


Error: src/app/features/business/create-business/create-business.component.html:195:24 - error TS2554: Expected 1 arguments, but got 0.

195               (focus)="openCountryDropdown()"
                           ~~~~~~~~~~~~~~~~~~~

  src/app/features/business/create-business/create-business.component.ts:9:16
    9   templateUrl: './create-business.component.html',
                     ~~~~~~~~~~~~~~~~~~~~~~~~~~~~~~~~~~
    Error occurs in the template of component CreateBusinessComponent.



√ Browser application bundle generation complete.
√ Browser application bundle generation complete.
√ Browser application bundle generation complete.
√ Browser application bundle generation complete.

Error: src/app/features/business/create-business/create-business.component.html:349:19 - error NG5002: Parser Error: Bindings cannot contain assignments

Error: src/app/features/business/create-business/create-business.component.html:349:73 - error TS2345: Argument of type 'undefined' is not assignable to parameter of type '(value: BusinessServiceOption, index: number, array: BusinessServiceOption[]) => unknown'.

349               <dd>{{ selectedServices.length > 0 ? selectedServices.map(service => service.name).join(', ') : 'None selected' }}</dd>
                                                                            ~~~~~~~~~~~~~~~~~~~~~~~

  src/app/features/business/create-business/create-business.component.ts:9:16
    9   templateUrl: './create-business.component.html',
                     ~~~~~~~~~~~~~~~~~~~~~~~~~~~~~~~~~~
    Error occurs in the template of component CreateBusinessComponent.


Error: src/app/features/business/create-business/create-business.component.html:354:17 - error NG5002: Parser Error: Bindings cannot contain assignments

Error: src/app/features/business/create-business/create-business.component.html:355:23 - error NG5002: Parser Error: Bindings cannot contain assignments

Error: src/app/features/business/create-business/create-business.component.html:355:68 - error NG5002: Parser Error: Bindings cannot contain assignments

Error: src/app/features/business/create-business/create-business.component.html:356:23 - error NG5002: Parser Error: Bindings cannot contain assignments

Error: src/app/features/business/create-business/create-business.component.html:356:64 - error NG5002: Parser Error: Bindings cannot contain assignments

Error: src/app/features/business/create-business/create-business.component.html:357:23 - error NG5002: Parser Error: Bindings cannot contain assignments

Error: src/app/features/business/create-business/create-business.component.html:357:65 - error NG5002: Parser Error: Bindings cannot contain assignments

Error: src/app/features/business/create-business/create-business.component.html:358:23 - error NG5002: Parser Error: Bindings cannot contain assignments

Error: src/app/features/business/create-business/create-business.component.html:358:68 - error NG5002: Parser Error: Bindings cannot contain assignments

Error: src/app/features/business/create-business/create-business.component.html:363:19 - error NG5002: Parser Error: Bindings cannot contain assignments

Error: src/app/features/business/create-business/create-business.component.html:371:62 - error NG5002: Parser Error: Bindings cannot contain assignments

Error: src/app/features/business/create-business/create-business.component.html:376:19 - error NG5002: Parser Error: Bindings cannot contain assignments

Error: src/app/features/business/create-business/create-business.component.html:380:19 - error NG5002: Parser Error: Bindings cannot contain assignments

Error: src/app/features/business/create-business/create-business.component.html:384:19 - error NG5002: Parser Error: Bindings cannot contain assignments

Error: src/app/features/business/create-business/create-business.component.html:388:19 - error NG5002: Parser Error: Bindings cannot contain assignments

Error: src/app/features/business/create-business/create-business.component.html:394:32 - error NG5002: Parser Error: Bindings cannot contain assignments

Error: src/app/features/business/create-business/create-business.component.html:396:59 - error NG5002: Parser Error: Bindings cannot contain assignments

Error: src/app/features/business/create-business/create-business.component.html:399:32 - error NG5002: Parser Error: Bindings cannot contain assignments

Error: src/app/features/business/create-business/create-business.component.html:402:60 - error NG5002: Parser Error: Bindings cannot contain assignments

Error: src/app/features/business/create-business/create-business.component.html:403:61 - error NG5002: Parser Error: Bindings cannot contain assignments

Error: src/app/features/business/create-business/create-business.component.html:407:32 - error NG5002: Parser Error: Bindings cannot contain assignments

Error: src/app/features/business/create-business/create-business.component.html:410:60 - error NG5002: Parser Error: Bindings cannot contain assignments


√ Browser application bundle generation complete.

Error: src/app/features/business/create-business/create-business.component.html:349:19 - error NG5002: Parser Error: Bindings cannot contain assignments

Error: src/app/features/business/create-business/create-business.component.html:349:73 - error TS2345: Argument of type 'undefined' is not assignable to parameter of type '(value: BusinessServiceOption, index: number, array: BusinessServiceOption[]) => unknown'.

349               <dd>{{ selectedServices.length > 0 ? selectedServices.map(service => service.name).join(', ') : 'None selected' }}</dd>
                                                                            ~~~~~~~~~~~~~~~~~~~~~~~

  src/app/features/business/create-business/create-business.component.ts:9:16
    9   templateUrl: './create-business.component.html',
                     ~~~~~~~~~~~~~~~~~~~~~~~~~~~~~~~~~~
    Error occurs in the template of component CreateBusinessComponent.


Error: src/app/features/business/create-business/create-business.component.html:354:17 - error NG5002: Parser Error: Bindings cannot contain assignments

Error: src/app/features/business/create-business/create-business.component.html:355:23 - error NG5002: Parser Error: Bindings cannot contain assignments

Error: src/app/features/business/create-business/create-business.component.html:355:68 - error NG5002: Parser Error: Bindings cannot contain assignments

Error: src/app/features/business/create-business/create-business.component.html:356:23 - error NG5002: Parser Error: Bindings cannot contain assignments

Error: src/app/features/business/create-business/create-business.component.html:356:64 - error NG5002: Parser Error: Bindings cannot contain assignments

Error: src/app/features/business/create-business/create-business.component.html:357:23 - error NG5002: Parser Error: Bindings cannot contain assignments

Error: src/app/features/business/create-business/create-business.component.html:357:65 - error NG5002: Parser Error: Bindings cannot contain assignments

Error: src/app/features/business/create-business/create-business.component.html:358:23 - error NG5002: Parser Error: Bindings cannot contain assignments

Error: src/app/features/business/create-business/create-business.component.html:358:68 - error NG5002: Parser Error: Bindings cannot contain assignments

Error: src/app/features/business/create-business/create-business.component.html:363:19 - error NG5002: Parser Error: Bindings cannot contain assignments

Error: src/app/features/business/create-business/create-business.component.html:371:62 - error NG5002: Parser Error: Bindings cannot contain assignments

Error: src/app/features/business/create-business/create-business.component.html:376:19 - error NG5002: Parser Error: Bindings cannot contain assignments

Error: src/app/features/business/create-business/create-business.component.html:380:19 - error NG5002: Parser Error: Bindings cannot contain assignments

Error: src/app/features/business/create-business/create-business.component.html:384:19 - error NG5002: Parser Error: Bindings cannot contain assignments

Error: src/app/features/business/create-business/create-business.component.html:388:19 - error NG5002: Parser Error: Bindings cannot contain assignments

Error: src/app/features/business/create-business/create-business.component.html:394:32 - error NG5002: Parser Error: Bindings cannot contain assignments

Error: src/app/features/business/create-business/create-business.component.html:396:59 - error NG5002: Parser Error: Bindings cannot contain assignments

Error: src/app/features/business/create-business/create-business.component.html:399:32 - error NG5002: Parser Error: Bindings cannot contain assignments

Error: src/app/features/business/create-business/create-business.component.html:402:60 - error NG5002: Parser Error: Bindings cannot contain assignments

Error: src/app/features/business/create-business/create-business.component.html:403:61 - error NG5002: Parser Error: Bindings cannot contain assignments

Error: src/app/features/business/create-business/create-business.component.html:407:32 - error NG5002: Parser Error: Bindings cannot contain assignments

Error: src/app/features/business/create-business/create-business.component.html:410:60 - error NG5002: Parser Error: Bindings cannot contain assignments


√ Browser application bundle generation complete.
√ Browser application bundle generation complete.
√ Browser application bundle generation complete.
√ Browser application bundle generation complete.

Error: src/app/features/business/create-business/create-business.component.html:165:76 - error TS2339: Property '$index' does not exist on type 'CreateBusinessComponent'.

165                 [class.service-option-active]="highlightedServiceIndex === $index"
                                                                               ~~~~~~

  src/app/features/business/create-business/create-business.component.ts:9:16
    9   templateUrl: './create-business.component.html',
                     ~~~~~~~~~~~~~~~~~~~~~~~~~~~~~~~~~~
    Error occurs in the template of component CreateBusinessComponent.


Error: src/app/features/business/create-business/create-business.component.html:242:76 - error TS2339: Property '$index' does not exist on type 'CreateBusinessComponent'.

242                 [class.service-option-active]="highlightedCountryIndex === $index"
                                                                               ~~~~~~

  src/app/features/business/create-business/create-business.component.ts:9:16
    9   templateUrl: './create-business.component.html',
                     ~~~~~~~~~~~~~~~~~~~~~~~~~~~~~~~~~~
    Error occurs in the template of component CreateBusinessComponent.



√ Browser application bundle generation complete.

Error: src/app/features/business/create-business/create-business.component.html:165:76 - error TS2339: Property '$index' does not exist on type 'CreateBusinessComponent'.

165                 [class.service-option-active]="highlightedServiceIndex === $index"
                                                                               ~~~~~~

  src/app/features/business/create-business/create-business.component.ts:9:16
    9   templateUrl: './create-business.component.html',
                     ~~~~~~~~~~~~~~~~~~~~~~~~~~~~~~~~~~
    Error occurs in the template of component CreateBusinessComponent.


Error: src/app/features/business/create-business/create-business.component.html:242:76 - error TS2339: Property '$index' does not exist on type 'CreateBusinessComponent'.

242                 [class.service-option-active]="highlightedCountryIndex === $index"
                                                                               ~~~~~~

  src/app/features/business/create-business/create-business.component.ts:9:16
    9   templateUrl: './create-business.component.html',
                     ~~~~~~~~~~~~~~~~~~~~~~~~~~~~~~~~~~
    Error occurs in the template of component CreateBusinessComponent.



√ Browser application bundle generation complete.
√ Browser application bundle generation complete.
√ Browser application bundle generation complete.
√ Browser application bundle generation complete.
√ Browser application bundle generation complete.
√ Browser application bundle generation complete.
√ Browser application bundle generation complete.
√ Browser application bundle generation complete.
√ Browser application bundle generation complete.
√ Browser application bundle generation complete.
√ Browser application bundle generation complete.
√ Browser application bundle generation complete.
√ Browser application bundle generation complete.
√ Browser application bundle generation complete.
√ Browser application bundle generation complete.
√ Browser application bundle generation complete.
√ Browser application bundle generation complete.
√ Browser application bundle generation complete.
√ Browser application bundle generation complete.
√ Browser application bundle generation complete.
√ Browser application bundle generation complete.
