Using launch settings from C:\Users\tscai\source\repos\Holonix\Server\Properties\launchSettings.json...
Building...
info: Microsoft.EntityFrameworkCore.Database.Command[20101]
      Executed DbCommand (38ms) [Parameters=[], CommandType='Text', CommandTimeout='30']
      SELECT [b].[Name]
      FROM [business].[BusinessRole] AS [b]
info: Microsoft.EntityFrameworkCore.Database.Command[20101]
      Executed DbCommand (21ms) [Parameters=[], CommandType='Text', CommandTimeout='30']
      SELECT [s].[ServiceId], [s].[InactiveDate], [s].[Name]
      FROM [service].[Service] AS [s]
info: Microsoft.EntityFrameworkCore.Database.Command[20101]
      Executed DbCommand (19ms) [Parameters=[], CommandType='Text', CommandTimeout='30']
      SELECT DISTINCT [b].[ServiceId]
      FROM [business].[BusinessService] AS [b]
warn: Microsoft.AspNetCore.Server.Kestrel.Core.KestrelServer[8]
      The ASP.NET Core developer certificate is not trusted. For information about trusting the ASP.NET Core developer certificate, see https://aka.ms/aspnet/https-trust-dev-cert.
info: Microsoft.Hosting.Lifetime[14]
      Now listening on: https://localhost:7241
info: Microsoft.Hosting.Lifetime[14]
      Now listening on: http://localhost:5237
info: Microsoft.Hosting.Lifetime[0]
      Application started. Press Ctrl+C to shut down.
info: Microsoft.Hosting.Lifetime[0]
      Hosting environment: Development
info: Microsoft.Hosting.Lifetime[0]
      Content root path: C:\Users\tscai\source\repos\Holonix\Server
info: Microsoft.EntityFrameworkCore.Database.Command[20101]
      Executed DbCommand (20ms) [Parameters=[], CommandType='Text', CommandTimeout='30']
      SELECT [s].[ServiceId], [s].[Name]
      FROM [service].[Service] AS [s]
      WHERE [s].[InactiveDate] IS NULL
      ORDER BY [s].[Name]
