info: Microsoft.EntityFrameworkCore.Database.Command[20101]
      Executed DbCommand (42ms) [Parameters=[], CommandType='Text', CommandTimeout='30']
      SELECT [b].[Name]
      FROM [business].[BusinessRole] AS [b]
info: Microsoft.EntityFrameworkCore.Database.Command[20101]
      Executed DbCommand (21ms) [Parameters=[], CommandType='Text', CommandTimeout='30']
      SELECT [b].[ServiceId], [b].[InactiveDate], [b].[Name]
      FROM [business].[BusinessService] AS [b]
info: Microsoft.EntityFrameworkCore.Database.Command[20101]
      Executed DbCommand (19ms) [Parameters=[], CommandType='Text', CommandTimeout='30']
      SELECT DISTINCT [b].[ServiceId]
      FROM [business].[BusinessToService] AS [b]
info: Microsoft.Hosting.Lifetime[14]
      Now listening on: http://localhost:5000
info: Microsoft.Hosting.Lifetime[0]
      Application started. Press Ctrl+C to shut down.
info: Microsoft.Hosting.Lifetime[0]
      Hosting environment: Production
info: Microsoft.Hosting.Lifetime[0]
      Content root path: C:\Users\tscai\source\repos\Holonix\temp-build-out
info: Microsoft.EntityFrameworkCore.Database.Command[20101]
      Executed DbCommand (31ms) [Parameters=[], CommandType='Text', CommandTimeout='30']
      SELECT [b].[ServiceId], [b].[Name]
      FROM [business].[BusinessService] AS [b]
      WHERE [b].[InactiveDate] IS NULL
      ORDER BY [b].[Name]
info: Microsoft.EntityFrameworkCore.Database.Command[20101]
      Executed DbCommand (18ms) [Parameters=[], CommandType='Text', CommandTimeout='30']
      SELECT [b].[ServiceId], [b].[Name]
      FROM [business].[BusinessService] AS [b]
      WHERE [b].[InactiveDate] IS NULL
      ORDER BY [b].[Name]
info: Microsoft.EntityFrameworkCore.Database.Command[20101]
      Executed DbCommand (19ms) [Parameters=[], CommandType='Text', CommandTimeout='30']
      SELECT [b].[ServiceId], [b].[Name]
      FROM [business].[BusinessService] AS [b]
      WHERE [b].[InactiveDate] IS NULL
      ORDER BY [b].[Name]
info: Microsoft.EntityFrameworkCore.Database.Command[20101]
      Executed DbCommand (18ms) [Parameters=[], CommandType='Text', CommandTimeout='30']
      SELECT [b].[ServiceId], [b].[Name]
      FROM [business].[BusinessService] AS [b]
      WHERE [b].[InactiveDate] IS NULL
      ORDER BY [b].[Name]
info: Microsoft.EntityFrameworkCore.Database.Command[20101]
      Executed DbCommand (20ms) [Parameters=[], CommandType='Text', CommandTimeout='30']
      SELECT [b].[ServiceId], [b].[Name]
      FROM [business].[BusinessService] AS [b]
      WHERE [b].[InactiveDate] IS NULL
      ORDER BY [b].[Name]
info: Microsoft.EntityFrameworkCore.Database.Command[20101]
      Executed DbCommand (19ms) [Parameters=[], CommandType='Text', CommandTimeout='30']
      SELECT [b].[ServiceId], [b].[Name]
      FROM [business].[BusinessService] AS [b]
      WHERE [b].[InactiveDate] IS NULL
      ORDER BY [b].[Name]
info: Microsoft.EntityFrameworkCore.Database.Command[20101]
      Executed DbCommand (39ms) [Parameters=[], CommandType='Text', CommandTimeout='30']
      SELECT [b].[ServiceId], [b].[Name]
      FROM [business].[BusinessService] AS [b]
      WHERE [b].[InactiveDate] IS NULL
      ORDER BY [b].[Name]
info: Microsoft.EntityFrameworkCore.Database.Command[20101]
      Executed DbCommand (20ms) [Parameters=[], CommandType='Text', CommandTimeout='30']
      SELECT [b].[ServiceId], [b].[Name]
      FROM [business].[BusinessService] AS [b]
      WHERE [b].[InactiveDate] IS NULL
      ORDER BY [b].[Name]
info: Microsoft.EntityFrameworkCore.Database.Command[20101]
      Executed DbCommand (20ms) [Parameters=[], CommandType='Text', CommandTimeout='30']
      SELECT [b].[ServiceId], [b].[Name]
      FROM [business].[BusinessService] AS [b]
      WHERE [b].[InactiveDate] IS NULL
      ORDER BY [b].[Name]
info: Microsoft.EntityFrameworkCore.Database.Command[20101]
      Executed DbCommand (18ms) [Parameters=[], CommandType='Text', CommandTimeout='30']
      SELECT [b].[ServiceId], [b].[Name]
      FROM [business].[BusinessService] AS [b]
      WHERE [b].[InactiveDate] IS NULL
      ORDER BY [b].[Name]
info: Microsoft.EntityFrameworkCore.Database.Command[20101]
      Executed DbCommand (18ms) [Parameters=[], CommandType='Text', CommandTimeout='30']
      SELECT [b].[ServiceId], [b].[Name]
      FROM [business].[BusinessService] AS [b]
      WHERE [b].[InactiveDate] IS NULL
      ORDER BY [b].[Name]
info: Microsoft.EntityFrameworkCore.Database.Command[20101]
      Executed DbCommand (22ms) [Parameters=[], CommandType='Text', CommandTimeout='30']
      SELECT [b].[ServiceId], [b].[Name]
      FROM [business].[BusinessService] AS [b]
      WHERE [b].[InactiveDate] IS NULL
      ORDER BY [b].[Name]
info: Microsoft.EntityFrameworkCore.Database.Command[20101]
      Executed DbCommand (20ms) [Parameters=[], CommandType='Text', CommandTimeout='30']
      SELECT [b].[ServiceId], [b].[Name]
      FROM [business].[BusinessService] AS [b]
      WHERE [b].[InactiveDate] IS NULL
      ORDER BY [b].[Name]
info: Microsoft.EntityFrameworkCore.Database.Command[20101]
      Executed DbCommand (20ms) [Parameters=[], CommandType='Text', CommandTimeout='30']
      SELECT [b].[ServiceId], [b].[Name]
      FROM [business].[BusinessService] AS [b]
      WHERE [b].[InactiveDate] IS NULL
      ORDER BY [b].[Name]
info: Microsoft.EntityFrameworkCore.Database.Command[20101]
      Executed DbCommand (21ms) [Parameters=[], CommandType='Text', CommandTimeout='30']
      SELECT [b].[ServiceId], [b].[Name]
      FROM [business].[BusinessService] AS [b]
      WHERE [b].[InactiveDate] IS NULL
      ORDER BY [b].[Name]
info: Microsoft.EntityFrameworkCore.Database.Command[20101]
      Executed DbCommand (19ms) [Parameters=[], CommandType='Text', CommandTimeout='30']
      SELECT [b].[ServiceId], [b].[Name]
      FROM [business].[BusinessService] AS [b]
      WHERE [b].[InactiveDate] IS NULL
      ORDER BY [b].[Name]
info: Microsoft.EntityFrameworkCore.Database.Command[20101]
      Executed DbCommand (18ms) [Parameters=[], CommandType='Text', CommandTimeout='30']
      SELECT [b].[ServiceId], [b].[Name]
      FROM [business].[BusinessService] AS [b]
      WHERE [b].[InactiveDate] IS NULL
      ORDER BY [b].[Name]
info: Microsoft.EntityFrameworkCore.Database.Command[20101]
      Executed DbCommand (20ms) [Parameters=[], CommandType='Text', CommandTimeout='30']
      SELECT [b].[ServiceId], [b].[Name]
      FROM [business].[BusinessService] AS [b]
      WHERE [b].[InactiveDate] IS NULL
      ORDER BY [b].[Name]
info: Microsoft.EntityFrameworkCore.Database.Command[20101]
      Executed DbCommand (19ms) [Parameters=[], CommandType='Text', CommandTimeout='30']
      SELECT [b].[ServiceId], [b].[Name]
      FROM [business].[BusinessService] AS [b]
      WHERE [b].[InactiveDate] IS NULL
      ORDER BY [b].[Name]
info: Microsoft.EntityFrameworkCore.Database.Command[20101]
      Executed DbCommand (19ms) [Parameters=[], CommandType='Text', CommandTimeout='30']
      SELECT [b].[ServiceId], [b].[Name]
      FROM [business].[BusinessService] AS [b]
      WHERE [b].[InactiveDate] IS NULL
      ORDER BY [b].[Name]
